This is pdfTeX, Version 3.141592-1.40.4 (MiKTeX 2.7) (preloaded format=pdflatex 2009.3.31)  27 APR 2009 00:54
entering extended mode
**C:/Users/Muz/Desktop/4YP*Report/4YP*Report.tex
("C:/Users/Muz/Desktop/4YP Report/4YP Report.tex"
LaTeX2e <2005/12/01>
Babel <v3.8h> and hyphenation patterns for english, dumylang, nohyphenation, ge
rman, ngerman, french, loaded.
("C:\Program Files\MiKTeX 2.7\tex\latex\base\book.cls"
Document Class: book 2005/09/16 v1.4f Standard LaTeX document class
("C:\Program Files\MiKTeX 2.7\tex\latex\base\bk11.clo"
File: bk11.clo 2005/09/16 v1.4f Standard LaTeX file (size option)
)
\c@part=\count79
\c@chapter=\count80
\c@section=\count81
\c@subsection=\count82
\c@subsubsection=\count83
\c@paragraph=\count84
\c@subparagraph=\count85
\c@figure=\count86
\c@table=\count87
\abovecaptionskip=\skip41
\belowcaptionskip=\skip42
\bibindent=\dimen102
)
("C:\Program Files\MiKTeX 2.7\tex\latex\geometry\geometry.sty"
Package: geometry 2002/07/08 v3.2 Page Geometry

("C:\Program Files\MiKTeX 2.7\tex\latex\graphics\keyval.sty"
Package: keyval 1999/03/16 v1.13 key=value parser (DPC)
\KV@toks@=\toks14
)
\Gm@cnth=\count88
\Gm@cntv=\count89
\c@Gm@tempcnt=\count90
\Gm@bindingoffset=\dimen103
\Gm@wd@mp=\dimen104
\Gm@odd@mp=\dimen105
\Gm@even@mp=\dimen106
\Gm@dimlist=\toks15

("C:\Program Files\MiKTeX 2.7\tex\latex\geometry\geometry.cfg"))
("C:\Program Files\MiKTeX 2.7\tex\latex\setspace\setspace.sty"
Package: setspace 2000/12/01 6.7 Contributed and Supported LaTeX2e package

Package: `setspace' 6.7 <2000/12/01>
) ("C:\Program Files\MiKTeX 2.7\tex\latex\graphics\graphicx.sty"
Package: graphicx 1999/02/16 v1.0f Enhanced LaTeX Graphics (DPC,SPQR)

("C:\Program Files\MiKTeX 2.7\tex\latex\graphics\graphics.sty"
Package: graphics 2006/02/20 v1.0o Standard LaTeX Graphics (DPC,SPQR)

("C:\Program Files\MiKTeX 2.7\tex\latex\graphics\trig.sty"
Package: trig 1999/03/16 v1.09 sin cos tan (DPC)
)
("C:\Program Files\MiKTeX 2.7\tex\latex\00miktex\graphics.cfg"
File: graphics.cfg 2007/01/18 v1.5 graphics configuration of teTeX/TeXLive
)
Package graphics Info: Driver file: pdftex.def on input line 90.

("C:\Program Files\MiKTeX 2.7\tex\latex\graphics\pdftex.def"
File: pdftex.def 2007/06/12 v0.04h Graphics/color for pdfTeX
\Gread@gobject=\count91
))
\Gin@req@height=\dimen107
\Gin@req@width=\dimen108
)
("C:\Program Files\MiKTeX 2.7\tex\latex\subfigure\subfigure.sty"
Package: subfigure 2002/07/30 v2.1.4 subfigure package
\subfigtopskip=\skip43
\subfigcapskip=\skip44
\subfigcaptopadj=\dimen109
\subfigbottomskip=\skip45
\subfigcapmargin=\dimen110
\subfiglabelskip=\skip46
\c@subfigure=\count92
\c@lofdepth=\count93
\c@subtable=\count94
\c@lotdepth=\count95

****************************************
* Local config file subfigure.cfg used *
****************************************
("C:\Program Files\MiKTeX 2.7\tex\latex\subfigure\subfigure.cfg")
\subfig@top=\skip47
\subfig@bottom=\skip48
)
("C:\Program Files\MiKTeX 2.7\tex\latex\amsfonts\amsfonts.sty"
Package: amsfonts 2001/10/25 v2.2f
\@emptytoks=\toks16
\symAMSa=\mathgroup4
\symAMSb=\mathgroup5
LaTeX Font Info:    Overwriting math alphabet `\mathfrak' in version `bold'
(Font)                  U/euf/m/n --> U/euf/b/n on input line 132.
)
("C:\Program Files\MiKTeX 2.7\tex\latex\amsmath\amsmath.sty"
Package: amsmath 2000/07/18 v2.13 AMS math features
\@mathmargin=\skip49

For additional information on amsmath, use the `?' option.
("C:\Program Files\MiKTeX 2.7\tex\latex\amsmath\amstext.sty"
Package: amstext 2000/06/29 v2.01

("C:\Program Files\MiKTeX 2.7\tex\latex\amsmath\amsgen.sty"
File: amsgen.sty 1999/11/30 v2.0
\@emptytoks=\toks17
\ex@=\dimen111
))
("C:\Program Files\MiKTeX 2.7\tex\latex\amsmath\amsbsy.sty"
Package: amsbsy 1999/11/29 v1.2d
\pmbraise@=\dimen112
)
("C:\Program Files\MiKTeX 2.7\tex\latex\amsmath\amsopn.sty"
Package: amsopn 1999/12/14 v2.01 operator names
)
\inf@bad=\count96
LaTeX Info: Redefining \frac on input line 211.
\uproot@=\count97
\leftroot@=\count98
LaTeX Info: Redefining \overline on input line 307.
\classnum@=\count99
\DOTSCASE@=\count100
LaTeX Info: Redefining \ldots on input line 379.
LaTeX Info: Redefining \dots on input line 382.
LaTeX Info: Redefining \cdots on input line 467.
\Mathstrutbox@=\box26
\strutbox@=\box27
\big@size=\dimen113
LaTeX Font Info:    Redeclaring font encoding OML on input line 567.
LaTeX Font Info:    Redeclaring font encoding OMS on input line 568.
\macc@depth=\count101
\c@MaxMatrixCols=\count102
\dotsspace@=\muskip10
\c@parentequation=\count103
\dspbrk@lvl=\count104
\tag@help=\toks18
\row@=\count105
\column@=\count106
\maxfields@=\count107
\andhelp@=\toks19
\eqnshift@=\dimen114
\alignsep@=\dimen115
\tagshift@=\dimen116
\tagwidth@=\dimen117
\totwidth@=\dimen118
\lineht@=\dimen119
\@envbody=\toks20
\multlinegap=\skip50
\multlinetaggap=\skip51
\mathdisplay@stack=\toks21
LaTeX Info: Redefining \[ on input line 2666.
LaTeX Info: Redefining \] on input line 2667.
)
("C:\Program Files\MiKTeX 2.7\tex\latex\algorithm2e\algorithm2e.sty"
Package: algorithm2e 2005/10/04 v3.9 algorithms environments
\c@AlgoLine=\count108

("C:\Program Files\MiKTeX 2.7\tex\latex\base\ifthen.sty"
Package: ifthen 2001/05/26 v1.1c Standard LaTeX ifthen package (DPC)
)
("C:\Program Files\MiKTeX 2.7\tex\latex\tools\xspace.sty"
Package: xspace 2006/05/08 v1.12 Space after command names (DPC,MH)
)
********************************************************
Package `algorithm2e' Release 3.9 -- october 04 2005 --
- algorithm2e-announce@lirmm.fr mailing list for announcement about releases
- algorithm2e-discussion@lirmm.fr mailing list for discussion about package
subscribe by emailing sympa@lirmm.fr with 'subscribe <list> <firstname name>'
- Author: Christophe Fiorio (fiorio@lirmm.fr)
********************************************************
\skiptotal=\skip52
\skiprule=\skip53
\skiphlne=\skip54
\skiptext=\skip55
\skiplength=\skip56
\algomargin=\skip57
\skipalgocfslide=\skip58
\algowidth=\dimen120
\inoutsize=\dimen121
\inoutline=\dimen122
\algocf@inoutbox=\box28
\algocf@inputbox=\box29
\AlCapSkip=\skip59
\AlCapHSkip=\skip60
\algocf@capbox=\box30
\c@algocfline=\count109
\c@algocf=\count110
\algocf@algoframe=\box31
\algocf@algobox=\box32
) ("C:\Program Files\MiKTeX 2.7\tex\latex\listings\listings.sty"
\lst@mode=\count111
\lst@gtempboxa=\box33
\lst@token=\toks22
\lst@length=\count112
\lst@currlwidth=\dimen123
\lst@column=\count113
\lst@pos=\count114
\lst@lostspace=\dimen124
\lst@width=\dimen125
\lst@newlines=\count115
\lst@lineno=\count116
\lst@maxwidth=\dimen126
 (lstpatch.sty

***
*** This is a patch for listings 1.3, but you're using
*** version 1.4.
***
*** Patch file not loaded.
***

) ("C:\Program Files\MiKTeX 2.7\tex\latex\listings\lstmisc.sty"
File: lstmisc.sty 2007/02/22 1.4 (Carsten Heinz)
\c@lstnumber=\count117
\lst@skipnumbers=\count118
\lst@framebox=\box34
)
("C:\Program Files\MiKTeX 2.7\tex\latex\listings\listings.cfg"
File: listings.cfg 2007/02/22 1.4 listings configuration
))
Package: listings 2007/02/22 1.4 (Carsten Heinz)

("C:\Program Files\MiKTeX 2.7\tex\latex\pdfpages\pdfpages.sty"
Package: pdfpages 2009/02/07 v0.4g Insert pages of external PDF documents (AM)

("C:\Program Files\MiKTeX 2.7\tex\latex\tools\calc.sty"
Package: calc 2005/08/06 v4.2 Infix arithmetic (KKT,FJ)
\calc@Acount=\count119
\calc@Bcount=\count120
\calc@Adimen=\dimen127
\calc@Bdimen=\dimen128
\calc@Askip=\skip61
\calc@Bskip=\skip62
LaTeX Info: Redefining \setlength on input line 75.
LaTeX Info: Redefining \addtolength on input line 76.
\calc@Ccount=\count121
\calc@Cskip=\skip63
)
("C:\Program Files\MiKTeX 2.7\tex\latex\eso-pic\eso-pic.sty"
Package: eso-pic 2006/07/14 v1.1d eso-pic (RN)

("C:\Program Files\MiKTeX 2.7\tex\latex\ms\everyshi.sty"
Package: everyshi 2001/05/15 v3.00 EveryShipout Package (MS)
))
("C:\Program Files\MiKTeX 2.7\tex\latex\pdfpages\pppdftex.def"
File: pppdftex.def 2009/02/07 v0.4g Pdfpages driver for pdfTeX (AM)
)
\AM@pagebox=\box35
\AM@toc@title=\toks23
\c@AM@survey=\count122
\AM@templatesizebox=\box36
)
("C:\Program Files\MiKTeX 2.7\tex\latex\fancyhdr\fancyhdr.sty"
\fancy@headwidth=\skip64
\f@ncyO@elh=\skip65
\f@ncyO@erh=\skip66
\f@ncyO@olh=\skip67
\f@ncyO@orh=\skip68
\f@ncyO@elf=\skip69
\f@ncyO@erf=\skip70
\f@ncyO@olf=\skip71
\f@ncyO@orf=\skip72
) ("4YP Report.aux" (Chapter1.aux) (Chapter2.aux) (Chapter3.aux) (Chapter4.aux)
 (Chapter5.aux)
(Appendix.aux))
LaTeX Font Info:    Checking defaults for OML/cmm/m/it on input line 22.
LaTeX Font Info:    ... okay on input line 22.
LaTeX Font Info:    Checking defaults for T1/cmr/m/n on input line 22.
LaTeX Font Info:    ... okay on input line 22.
LaTeX Font Info:    Checking defaults for OT1/cmr/m/n on input line 22.
LaTeX Font Info:    ... okay on input line 22.
LaTeX Font Info:    Checking defaults for OMS/cmsy/m/n on input line 22.
LaTeX Font Info:    ... okay on input line 22.
LaTeX Font Info:    Checking defaults for OMX/cmex/m/n on input line 22.
LaTeX Font Info:    ... okay on input line 22.
LaTeX Font Info:    Checking defaults for U/cmr/m/n on input line 22.
LaTeX Font Info:    ... okay on input line 22.
-------------------- Geometry parameters
paper: a4paper
landscape: --
twocolumn: --
twoside: --
asymmetric: --
h-parts: 56.9055pt, 455.24413pt, 56.9055pt
v-parts: 85.35826pt, 674.33032pt, 85.35826pt
hmarginratio: --
vmarginratio: --
lines: --
heightrounded: --
bindingoffset: 28.45274pt
truedimen: --
includehead: --
includefoot: --
includemp: --
driver: pdftex
-------------------- Page layout dimensions and switches
\paperwidth  597.50787pt
\paperheight 845.04684pt
\textwidth  455.24413pt
\textheight 674.33032pt
\oddsidemargin  13.08826pt
\evensidemargin -15.36449pt
\topmargin  -18.78552pt
\headheight 12.0pt
\headsep    19.8738pt
\footskip   27.46295pt
\marginparwidth 53.0pt
\marginparsep   7.0pt
\columnsep  10.0pt
\skip\footins  10.0pt plus 4.0pt minus 2.0pt
\hoffset 0.0pt
\voffset 0.0pt
\mag 1000

(1in=72.27pt, 1cm=28.45pt)
-----------------------
 ("C:\Program Files\MiKTeX 2.7\tex\context\base\supp-pdf.tex"
[Loading MPS to PDF converter (version 2006.09.02).]
\scratchcounter=\count123
\scratchdimen=\dimen129
\scratchbox=\box37
\nofMPsegments=\count124
\nofMParguments=\count125
\MPscratchCnt=\count126
\MPscratchDim=\dimen130
\MPnumerator=\count127
\everyMPtoPDFconversion=\toks24
)
\c@lstlisting=\count128
 ABD: EveryShipout initializing macros
("C:\Program Files\MiKTeX 2.7\tex\latex\graphics\color.sty"
Package: color 2005/11/14 v1.0j Standard LaTeX Color (DPC)

("C:\Program Files\MiKTeX 2.7\tex\latex\00miktex\color.cfg"
File: color.cfg 2007/01/18 v1.5 color configuration of teTeX/TeXLive
)
Package color Info: Driver file: pdftex.def on input line 130.
)
LaTeX Font Info:    Try loading font information for U+msa on input line 28.

("C:\Program Files\MiKTeX 2.7\tex\latex\amsfonts\umsa.fd"
File: umsa.fd 2002/01/19 v2.2g AMS font definitions
)
LaTeX Font Info:    Try loading font information for U+msb on input line 28.

("C:\Program Files\MiKTeX 2.7\tex\latex\amsfonts\umsb.fd"
File: umsb.fd 2002/01/19 v2.2g AMS font definitions
) [1



{C:/Users/Muz/Local Settings/Application Data/MiKTeX/2.7/pdftex/config/pdftex.m
ap}]
<images/declaration.pdf, id=9, page=1, 597.23125pt x 845.1575pt>
File: images/declaration.pdf Graphic file (type pdf)

<use images/declaration.pdf, page 1>
File: images/declaration.pdf Graphic file (type pdf)
 <use images/declaration.pdf, page 1>
File: images/declaration.pdf Graphic file (type pdf)

<use images/declaration.pdf, page 1>
File: images/declaration.pdf Graphic file (type pdf)
 <use images/declaration.pdf, page 1>
File: images/declaration.pdf Graphic file (type pdf)

<use images/declaration.pdf, page 1> [1 <images/declaration.pdf>]
("4YP Report.toc")
\tf@toc=\write3
 [2

] (Chapter1.tex
Chapter 1.
[1



] [2] <images/cudathreads.PNG, id=42, 457.71pt x 580.1675pt>
File: images/cudathreads.PNG Graphic file (type png)

<use images/cudathreads.PNG>
<images/cudamemory.PNG, id=43, 565.11125pt x 524.96124pt>
File: images/cudamemory.PNG Graphic file (type png)

<use images/cudamemory.PNG> [3] [4 <images/cudathreads.PNG (PNG copy)> <images/
cudamemory.PNG (PNG copy)>]) [5] (Chapter2.tex
Chapter 2.
<images/levelsets.png, id=55, 451.6875pt x 492.84125pt>
File: images/levelsets.png Graphic file (type png)

<use images/levelsets.png>

LaTeX Warning: `h' float specifier changed to `ht'.

[6



] [7 <images/levelsets.png (PNG copy)>]
<images/speedterm.png, id=65, 769.87625pt x 529.98pt>
File: images/speedterm.png Graphic file (type png)

<use images/speedterm.png>
<images/leaking.png, id=66, 255.95625pt x 253.94875pt>
File: images/leaking.png Graphic file (type png)

<use images/leaking.png>

LaTeX Warning: `h' float specifier changed to `ht'.

[8 <images/speedterm.png (PNG copy)>]
<images/initmask.png, id=70, 294.34969pt x 237.13594pt>
File: images/initmask.png Graphic file (type png)

<use images/initmask.png> <images/sdf.png, id=71, 294.34969pt x 237.13594pt>
File: images/sdf.png Graphic file (type png)

<use images/sdf.png>) [9 <images/leaking.png (PNG copy)>] [10 <images/initmask.
png (PNG copy)> <images/sdf.png (PNG copy)>] (Chapter3.tex
Chapter 3.
[11



] [12] [13] [14]
Underfull \hbox (badness 10000) detected at line 164
[][]
 []

<images/matlab.png, id=100, 476.78125pt x 419.5675pt>
File: images/matlab.png Graphic file (type png)
 <use images/matlab.png>
[15] [16 <images/matlab.png (PNG copy)>]
Underfull \hbox (badness 10000) detected at line 212
[][]
 []

[17]
Underfull \hbox (badness 10000) detected at line 235
[][]
 []

[18]
Underfull \hbox (badness 10000) detected at line 266
[][]
 []

[19] [20]
Underfull \hbox (badness 10000) in paragraph at lines 317--318

 []

<images/shared2d.PNG, id=121, 316.18124pt x 96.36pt>
File: images/shared2d.PNG Graphic file (type png)
 <use images/shared2d.PNG>
[21 <images/shared2d.PNG (PNG copy)>]
<images/halo.pdf, id=125, 284.62335pt x 219.09854pt>
File: images/halo.pdf Graphic file (type pdf)
 <use images/halo.pdf>
<images/shared3d.PNG, id=126, 316.18124pt x 310.15875pt>
File: images/shared3d.PNG Graphic file (type png)

<use images/shared3d.PNG>

LaTeX Warning: `h' float specifier changed to `ht'.

[22 <images/halo.pdf

pdfTeX warning:  (file images/halo.pdf): PDF inclusion: Page Group detected whi
ch pdfTeX can't handle. Ignoring it.
>]) [23 <images/shared3d.PNG (PNG copy)>] (Chapter4.tex
Chapter 4.
[24



] <images/liver.PNG, id=142, 256.96pt x 256.96pt>
File: images/liver.PNG Graphic file (type png)
 <use images/liver.PNG>
<images/livermask.PNG, id=143, 256.96pt x 256.96pt>
File: images/livermask.PNG Graphic file (type png)
 <use images/livermask.PNG>
<images/liverseg.PNG, id=144, 256.96pt x 256.96pt>
File: images/liverseg.PNG Graphic file (type png)
 <use images/liverseg.PNG>
<images/brain.PNG, id=145, 513.92pt x 513.92pt>
File: images/brain.PNG Graphic file (type png)
 <use images/brain.PNG>
<images/brainmask.PNG, id=146, 513.92pt x 513.92pt>
File: images/brainmask.PNG Graphic file (type png)
 <use images/brainmask.PNG>
<images/brainseg.PNG, id=147, 513.92pt x 513.92pt>
File: images/brainseg.PNG Graphic file (type png)
 <use images/brainseg.PNG>

LaTeX Warning: `h' float specifier changed to `ht'.

[25 <images/liver.PNG (PNG copy)> <images/livermask.PNG (PNG copy)> <images/liv
erseg.PNG (PNG copy)>] <images/livernoise20.PNG, id=151, 256.96pt x 256.96pt>
File: images/livernoise20.PNG Graphic file (type png)

<use images/livernoise20.PNG>
<images/livernoise20seg.PNG, id=152, 256.96pt x 256.96pt>
File: images/livernoise20seg.PNG Graphic file (type png)

<use images/livernoise20seg.PNG>
Underfull \hbox (badness 10000) in paragraph at lines 78--78
[]\OT1/cmr/m/n/9 (b) Seg-men-ta-tion with
 []

<images/livernoise40.PNG, id=153, 256.96pt x 256.96pt>
File: images/livernoise40.PNG Graphic file (type png)

<use images/livernoise40.PNG>
<images/livernoise40seg.PNG, id=154, 256.96pt x 256.96pt>
File: images/livernoise40seg.PNG Graphic file (type png)

<use images/livernoise40seg.PNG>
Underfull \hbox (badness 10000) in paragraph at lines 80--80
[]\OT1/cmr/m/n/9 (d) Seg-men-ta-tion with
 []


LaTeX Warning: `h' float specifier changed to `ht'.

[26 <images/brain.PNG (PNG copy)> <images/brainmask.PNG (PNG copy)> <images/bra
inseg.PNG (PNG copy)>]
<images/dimensions2d.pdf, id=158, 844.95674pt x 597.432pt>
File: images/dimensions2d.pdf Graphic file (type pdf)

<use images/dimensions2d.pdf>
<images/elements2d.pdf, id=159, 844.95674pt x 597.432pt>
File: images/elements2d.pdf Graphic file (type pdf)

<use images/elements2d.pdf>
<images/3devolution0.PNG, id=160, 297.11pt x 301.125pt>
File: images/3devolution0.PNG Graphic file (type png)

<use images/3devolution0.PNG>
<images/3devolution1.PNG, id=161, 297.11pt x 301.125pt>
File: images/3devolution1.PNG Graphic file (type png)

<use images/3devolution1.PNG>
<images/3devolution2.PNG, id=162, 297.11pt x 301.125pt>
File: images/3devolution2.PNG Graphic file (type png)

<use images/3devolution2.PNG>
<images/3devolution3.PNG, id=163, 297.11pt x 301.125pt>
File: images/3devolution3.PNG Graphic file (type png)

<use images/3devolution3.PNG>

LaTeX Warning: `h' float specifier changed to `ht'.

[27 <images/livernoise20.PNG (PNG copy)> <images/livernoise20seg.PNG (PNG copy)
> <images/livernoise40.PNG (PNG copy)> <images/livernoise40seg.PNG (PNG copy)>]
[28 <images/dimensions2d.pdf

pdfTeX warning:  (file images/dimensions2d.pdf): PDF inclusion: Page Group dete
cted which pdfTeX can't handle. Ignoring it.
> <images/elements2d.pdf

pdfTeX warning:  (file images/elements2d.pdf): PDF inclusion: Page Group detect
ed which pdfTeX can't handle. Ignoring it.
>] <images/brain3d.PNG, id=190, 301.125pt x 301.125pt>
File: images/brain3d.PNG Graphic file (type png)

<use images/brain3d.PNG>
<images/brain3dseg3.PNG, id=191, 301.125pt x 301.125pt>
File: images/brain3dseg3.PNG Graphic file (type png)

<use images/brain3dseg3.PNG>
<images/brain3dseg1.PNG, id=192, 301.125pt x 301.125pt>
File: images/brain3dseg1.PNG Graphic file (type png)

<use images/brain3dseg1.PNG>
<images/brain3dseg2.PNG, id=193, 301.125pt x 301.125pt>
File: images/brain3dseg2.PNG Graphic file (type png)

<use images/brain3dseg2.PNG>
<images/heart3dseg.PNG, id=194, 401.5pt x 401.5pt>
File: images/heart3dseg.PNG Graphic file (type png)
 <use images/heart3dseg.PNG>
<images/heart3dseg1.PNG, id=195, 401.5pt x 401.5pt>
File: images/heart3dseg1.PNG Graphic file (type png)

<use images/heart3dseg1.PNG> [29 <images/3devolution0.PNG (PNG copy)> <images/3
devolution1.PNG (PNG copy)> <images/3devolution2.PNG (PNG copy)> <images/3devol
ution3.PNG (PNG copy)>] [30 <images/brain3d.PNG (PNG copy)> <images/brain3dseg3
.PNG (PNG copy)> <images/brain3dseg1.PNG (PNG copy)> <images/brain3dseg2.PNG (P
NG copy)> <images/heart3dseg.PNG (PNG copy)> <images/heart3dseg1.PNG (PNG copy)
>]

LaTeX Warning: `h' float specifier changed to `ht'.

[31] [32]) [33] (Chapter5.tex
Chapter 5.
[34



]) [35] ("4YP Report.bbl"
Missing character: There is no ” in font cmr10!
 [36


]
Missing character: There is no ” in font cmr10!
) [37] (Appendix.tex
Appendix A.
("C:\Program Files\MiKTeX 2.7\tex\latex\listings\lstlang1.sty"
File: lstlang1.sty 2004/09/05 1.3 listings language file
)
(code/simpleseg.m
LaTeX Font Info:    Try loading font information for OMS+cmr on input line 11.
 ("C:\Program Files\MiKTeX 2.7\tex\latex\base\omscmr.fd"
File: omscmr.fd 1999/05/25 v2.5h Standard LaTeX font definitions
)
LaTeX Font Info:    Font shape `OMS/cmr/m/n' in size <9> not available
(Font)              Font shape `OMS/cmsy/m/n' tried instead on input line 11.
LaTeX Font Info:    Try loading font information for OML+cmr on input line 24.

("C:\Program Files\MiKTeX 2.7\tex\latex\base\omlcmr.fd"
File: omlcmr.fd 1999/05/25 v2.5h Standard LaTeX font definitions
)
LaTeX Font Info:    Font shape `OML/cmr/m/n' in size <9> not available
(Font)              Font shape `OML/cmm/m/it' tried instead on input line 24.
 [38


]) [39]
Appendix B.
("C:\Program Files\MiKTeX 2.7\tex\latex\listings\lstlang1.sty"
File: lstlang1.sty 2004/09/05 1.3 listings language file
)
("C:\Program Files\MiKTeX 2.7\tex\latex\listings\lstmisc.sty"
File: lstmisc.sty 2007/02/22 1.4 (Carsten Heinz)
) (code/kernel.cu
[40

] [41] [42]
Overfull \hbox (5.4074pt too wide) in paragraph at lines 150--151
[][][][][][][][][][][][][][][][][][][][][][][][] 
 []


Overfull \hbox (5.4074pt too wide) in paragraph at lines 157--158
[][][][][][][][][][][][][][][][][][][][][][][][] 
 []

) [43]
Appendix C.
(code/main.cu [44

]
LaTeX Font Info:    Font shape `OMS/cmr/m/it' in size <9> not available
(Font)              Font shape `OMS/cmsy/m/n' tried instead on input line 68.

Overfull \hbox (10.95741pt too wide) in paragraph at lines 69--70
[][][][][][][][][][][][][][][][][][][][][][][][][][][][][][][][][][] 
 []

[45])) [46] <images/riskassess.pdf, id=258, page=1, 845.19763pt x 597.55246pt>
File: images/riskassess.pdf Graphic file (type pdf)

<use images/riskassess.pdf, page 1>
File: images/riskassess.pdf Graphic file (type pdf)
 <use images/riskassess.pdf, page 1>
File: images/riskassess.pdf Graphic file (type pdf)

<use images/riskassess.pdf, page 1>
File: images/riskassess.pdf Graphic file (type pdf)
 <use images/riskassess.pdf, page 1>
File: images/riskassess.pdf Graphic file (type pdf)

<use images/riskassess.pdf, page 1> [47

 <images/riskassess.pdf>]
("4YP Report.aux" (Chapter1.aux) (Chapter2.aux) (Chapter3.aux) (Chapter4.aux)
(Chapter5.aux) (Appendix.aux)) ) 
Here is how much of TeX's memory you used:
 6470 strings out of 95340
 85409 string characters out of 1184178
 215811 words of memory out of 1500000
 9488 multiletter control sequences out of 110000
 16913 words of font info for 63 fonts, out of 1200000 for 2000
 14 hyphenation exceptions out of 8191
 33i,16n,51p,1150b,2114s stack positions out of 5000i,500n,10000p,200000b,5000s
<C:/Program Files/MiKTeX 2.7/fonts/type1/bluesk
y/cm/cmbx10.pfb><C:/Program Files/MiKTeX 2.7/fonts/type1/bluesky/cm/cmbx12.pfb>
<C:/Program Files/MiKTeX 2.7/fonts/type1/bluesky/cm/cmbx9.pfb><C:/Program Files
/MiKTeX 2.7/fonts/type1/bluesky/cm/cmex10.pfb><C:/Program Files/MiKTeX 2.7/font
s/type1/bluesky/cm/cmmi10.pfb><C:/Program Files/MiKTeX 2.7/fonts/type1/bluesky/
cm/cmmi6.pfb><C:/Program Files/MiKTeX 2.7/fonts/type1/bluesky/cm/cmmi8.pfb><C:/
Program Files/MiKTeX 2.7/fonts/type1/bluesky/cm/cmmi9.pfb><C:/Program Files/MiK
TeX 2.7/fonts/type1/bluesky/cm/cmr10.pfb><C:/Program Files/MiKTeX 2.7/fonts/typ
e1/bluesky/cm/cmr12.pfb><C:/Program Files/MiKTeX 2.7/fonts/type1/bluesky/cm/cmr
17.pfb><C:/Program Files/MiKTeX 2.7/fonts/type1/bluesky/cm/cmr6.pfb><C:/Program
 Files/MiKTeX 2.7/fonts/type1/bluesky/cm/cmr8.pfb><C:/Program Files/MiKTeX 2.7/
fonts/type1/bluesky/cm/cmr9.pfb><C:/Program Files/MiKTeX 2.7/fonts/type1/bluesk
y/cm/cmsl10.pfb><C:/Program Files/MiKTeX 2.7/fonts/type1/bluesky/cm/cmsy10.pfb>
<C:/Program Files/MiKTeX 2.7/fonts/type1/bluesky/cm/cmsy6.pfb><C:/Program Files
/MiKTeX 2.7/fonts/type1/bluesky/cm/cmsy8.pfb><C:/Program Files/MiKTeX 2.7/fonts
/type1/bluesky/cm/cmsy9.pfb><C:/Program Files/MiKTeX 2.7/fonts/type1/bluesky/cm
/cmti10.pfb><C:/Program Files/MiKTeX 2.7/fonts/type1/bluesky/cm/cmti9.pfb><C:/P
rogram Files/MiKTeX 2.7/fonts/type1/bluesky/cm/cmtt10.pfb><C:/Program Files/MiK
TeX 2.7/fonts/type1/bluesky/ams/msbm10.pfb>
Output written on "4YP Report.pdf" (50 pages, 2024922 bytes).
PDF statistics:
 366 PDF objects out of 1000 (max. 8388607)
 0 named destinations out of 1000 (max. 131072)
 196 words of extra memory for PDF output out of 10000 (max. 10000000)

